Arguments: 
  /usr/local/Cellar/node/11.12.0/bin/node /usr/local/bin/yarn add progress-bar-webpack-plugin -D

PATH: 
  /usr/local/bin:/usr/bin:/bin:/usr/sbin:/sbin:/Users/qunheadmin/Library/Android/sdk/tools:/Users/qunheadmin/Library/Android/sdk/platform-tools:/Users/qunheadmin/Library/Android/sdk/tools:/Users/qunheadmin/Library/Android/sdk/platform-tools

Yarn version: 
  1.13.0

Node version: 
  11.12.0

Platform: 
  darwin x64

Trace: 
  Error: ENOENT: no such file or directory, copyfile '/Users/qunheadmin/Library/Caches/Yarn/v4/npm-supports-color-2.0.0-535d045ce6b6363fa40117084629995e9df324c7/node_modules/supports-color/index.js' -> '/Users/qunheadmin/Desktop/selfStudy/vue-webpack4/node_modules/babel-code-frame/node_modules/supports-color/index.js'

npm manifest: 
  {
      "name": "wepback-update",
      "sideEffects": [
          "*.css"
      ],
      "version": "1.0.0",
      "description": "self study road",
      "private": true,
      "scripts": {
          "test": "echo \"Error: no test specified\" && exit 1",
          "build": "cross-env NODE_ENV=production webpack --config webpack.prod.js",
          "build:dll": "webpack --config webpack.dll.conf.js",
          "dev": "cross-env NODE_ENV=development webpack-dev-server --config webpack.dev.js"
      },
      "repository": {
          "type": "git",
          "url": "git+https://github.com/yaya1286249672/webpack-test.git"
      },
      "keywords": [
          "webpack4",
          "vue"
      ],
      "author": "yaya",
      "license": "ISC",
      "bugs": {
          "url": "https://github.com/yaya1286249672/webpack-test/issues"
      },
      "homepage": "https://github.com/yaya1286249672/webpack-test#readme",
      "devDependencies": {
          "@babel/core": "^7.4.5",
          "@babel/plugin-transform-runtime": "^7.4.4",
          "@babel/polyfill": "^7.4.4",
          "@babel/preset-env": "^7.4.5",
          "@babel/preset-react": "^7.0.0",
          "@babel/runtime": "^7.4.5",
          "@commitlint/cli": "^7.6.1",
          "@commitlint/config-conventional": "^7.6.0",
          "add-asset-html-webpack-plugin": "^3.1.3",
          "autoprefixer": "^9.5.1",
          "babel-loader": "^8.0.6",
          "clean-webpack-plugin": "^2.0.2",
          "cross-env": "^5.2.0",
          "css-declaration-sorter": "^4.0.1",
          "css-loader": "^2.1.1",
          "file-loader": "^3.0.1",
          "html-webpack-plugin": "^3.2.0",
          "html-webpack-template": "^6.2.0",
          "husky": "^2.3.0",
          "import-fresh": "^3.0.0",
          "lodash": "^4.17.11",
          "mini-css-extract-plugin": "^0.6.0",
          "node-sass": "^4.12.0",
          "optimize-css-assets-webpack-plugin": "^5.0.1",
          "postcss-loader": "^3.0.0",
          "precss": "^4.0.0",
          "sass-loader": "^7.1.0",
          "style-loader": "^0.23.1",
          "url-loader": "^1.1.2",
          "webpack": "^4.31.0",
          "webpack-cli": "^3.3.2",
          "webpack-dev-server": "^3.3.1",
          "webpack-manifest-plugin": "^2.0.4",
          "webpack-merge": "^4.2.1",
          "webpack-parallel-uglify-plugin": "^1.1.0"
      },
      "dependencies": {
          "amfe-flexible": "^2.2.1",
          "axios": "^0.19.0",
          "react": "^16.8.6",
          "react-dom": "^16.8.6",
          "react-hot-loader": "^4.8.6",
          "react-router": "^5.0.0",
          "react-router-dom": "^5.0.0",
          "timsort": "^0.3.0"
      },
      "husky": {
          "hooks": {
              "commit-msg": "commitlint -E HUSKY_GIT_PARAMS"
          }
      },
  
      "browserslist": [
          ">0%",
          "last 4 versions",
          "Firefox ESR",
          "not ie < 8"
      ]
  
  
  }

yarn manifest: 
  No manifest

Lockfile: 
  No lockfile
